<?xml version="1.0" encoding="UTF-8" ?>
<testsuite tests="2" failures="2" name="CatalogueGUITest" time="0.004" errors="0" skipped="0">
  <properties>
[...]
</properties>
  <testcase classname="CatalogueGUITest" name="CatalogueGUITest.testLoadProducts" time="0.004">
    <failure message="Cannot invoke &quot;CatalogueGUITest$FakeProductFunctions.setFakeProducts(java.util.List)&quot; because &quot;this.fakeProductFunctions&quot; is null" type="java.lang.NullPointerException">java.lang.NullPointerException: Cannot invoke &quot;CatalogueGUITest$FakeProductFunctions.setFakeProducts(java.util.List)&quot; because &quot;this.fakeProductFunctions&quot; is null
	at CatalogueGUITest.testLoadProducts(CatalogueGUITest.java:43)
</failure>
  </testcase>
  <testcase classname="CatalogueGUITest" name="CatalogueGUITest.testDeleteProduct" time="0">
    <failure message="Cannot invoke &quot;CatalogueGUITest$FakeProductFunctions.setFakeProducts(java.util.List)&quot; because &quot;this.fakeProductFunctions&quot; is null" type="java.lang.NullPointerException">java.lang.NullPointerException: Cannot invoke &quot;CatalogueGUITest$FakeProductFunctions.setFakeProducts(java.util.List)&quot; because &quot;this.fakeProductFunctions&quot; is null
	at CatalogueGUITest.testDeleteProduct(CatalogueGUITest.java:70)
</failure>
  </testcase>
</testsuite>